app/build/intermediates/manifest_merge_blame_file/debug/processDebugMainManifest/manifest-merger-blame-debug-report.txt
1<?xml version="1.0" encoding="utf-8"?>
2<manifest xmlns:android="http://schemas.android.com/apk/res/android"
3    package="com.example.muslimcompanion"
4    android:versionCode="1"
5    android:versionName="1.0" >
6
7    <uses-sdk
8        android:minSdkVersion="26"
9        android:targetSdkVersion="35" />
10
11    <uses-permission android:name="android.permission.POST_NOTIFICATIONS" />
11-->src\main\AndroidManifest.xml:2:5-77
11-->src\main\AndroidManifest.xml:2:22-74
12    <uses-permission android:name="android.permission.SCHEDULE_EXACT_ALARM" />
12-->src\main\AndroidManifest.xml:3:5-79
12-->src\main\AndroidManifest.xml:3:22-76
13    <uses-permission android:name="android.permission.USE_EXACT_ALARM" />
13-->src\main\AndroidManifest.xml:4:5-74
13-->src\main\AndroidManifest.xml:4:22-71
14    <uses-permission android:name="android.permission.VIBRATE" />
14-->src\main\AndroidManifest.xml:5:5-66
14-->src\main\AndroidManifest.xml:5:22-63
15    <uses-permission android:name="android.permission.RECEIVE_BOOT_COMPLETED" />
15-->src\main\AndroidManifest.xml:6:5-81
15-->src\main\AndroidManifest.xml:6:22-78
16
17    <application
17-->src\main\AndroidManifest.xml:8:5-33:19
18        android:allowBackup="true"
18-->src\main\AndroidManifest.xml:9:9-35
19        android:debuggable="true"
20        android:extractNativeLibs="false"
21        android:label="@string/app_name"
21-->src\main\AndroidManifest.xml:10:9-41
22        android:testOnly="true"
23        android:theme="@style/AppTheme"
23-->src\main\AndroidManifest.xml:11:9-40
24        android:usesCleartextTraffic="false" >
24-->src\main\AndroidManifest.xml:12:9-45
25        <activity
25-->src\main\AndroidManifest.xml:13:9-20:20
26            android:name="com.example.muslimcompanion.MainActivity"
26-->src\main\AndroidManifest.xml:14:13-68
27            android:exported="true" >
27-->src\main\AndroidManifest.xml:15:13-36
28            <intent-filter>
28-->src\main\AndroidManifest.xml:16:13-19:29
29                <action android:name="android.intent.action.MAIN" />
29-->src\main\AndroidManifest.xml:17:17-69
29-->src\main\AndroidManifest.xml:17:25-66
30
31                <category android:name="android.intent.category.LAUNCHER" />
31-->src\main\AndroidManifest.xml:18:17-77
31-->src\main\AndroidManifest.xml:18:27-74
32            </intent-filter>
33        </activity>
34
35        <receiver
35-->src\main\AndroidManifest.xml:22:9-24:40
36            android:name="com.example.muslimcompanion.PrayerAlarmReceiver"
36-->src\main\AndroidManifest.xml:23:13-75
37            android:exported="false" />
37-->src\main\AndroidManifest.xml:24:13-37
38        <receiver
38-->src\main\AndroidManifest.xml:26:9-32:20
39            android:name="com.example.muslimcompanion.BootReceiver"
39-->src\main\AndroidManifest.xml:27:13-68
40            android:exported="true" >
40-->src\main\AndroidManifest.xml:28:13-36
41            <intent-filter>
41-->src\main\AndroidManifest.xml:29:13-31:29
42                <action android:name="android.intent.action.BOOT_COMPLETED" />
42-->src\main\AndroidManifest.xml:30:17-79
42-->src\main\AndroidManifest.xml:30:25-76
43            </intent-filter>
44        </receiver>
45    </application>
46
47</manifest>